[02Dec2024 00:04:20.076] [Server thread/INFO] [net.minecraft.server.players.PlayerList/]: Everkoe[/127.164.14.156:46127] logged in with entity id 3392 at (-254.66728442549686, 118.0, 178.70895224436174)
[02Dec2024 00:04:20.126] [Server thread/INFO] [net.minecraft.server.MinecraftServer/]: Everkoe joined the game
[02Dec2024 00:05:21.690] [Server thread/INFO] [net.minecraft.server.MinecraftServer/]: [Everkoe: Set the time to 1000]
[02Dec2024 00:05:30.210] [Server thread/INFO] [net.minecraft.server.MinecraftServer/]: [Everkoe: Set own game mode to Survival Mode]
[02Dec2024 00:07:06.601] [Server thread/INFO] [net.minecraft.server.players.PlayerList/]: Fragger[/127.110.16.230:34007] logged in with entity id 4281 at (4.371441070897821, 113.0, 5.314925888110518)
[02Dec2024 00:07:06.614] [Server thread/INFO] [net.minecraft.server.MinecraftServer/]: Fragger joined the game
[02Dec2024 00:07:12.215] [Server thread/INFO] [net.minecraft.server.MinecraftServer/]: [Everkoe: Teleported Everkoe to Fragger]
[02Dec2024 00:07:25.536] [Server thread/INFO] [net.minecraft.server.MinecraftServer/]: Everkoe was slain by Fragger
[02Dec2024 00:07:33.434] [Server thread/WARN] [net.minecraft.server.level.ServerPlayerGameMode/]: Mismatch in destroy block pos: BlockPos{x=0, y=0, z=0} BlockPos{x=-2, y=117, z=9}
[02Dec2024 00:07:33.785] [Server thread/WARN] [net.minecraft.server.level.ServerPlayerGameMode/]: Mismatch in destroy block pos: BlockPos{x=0, y=0, z=0} BlockPos{x=-2, y=116, z=10}
[02Dec2024 00:07:35.584] [Server thread/WARN] [net.minecraft.server.level.ServerPlayerGameMode/]: Mismatch in destroy block pos: BlockPos{x=0, y=0, z=0} BlockPos{x=-2, y=116, z=10}
[02Dec2024 00:07:35.634] [Server thread/WARN] [net.minecraft.server.level.ServerPlayerGameMode/]: Mismatch in destroy block pos: BlockPos{x=0, y=0, z=0} BlockPos{x=-2, y=117, z=9}
[02Dec2024 00:07:38.304] [Server thread/INFO] [net.minecraft.server.MinecraftServer/]: [Everkoe: Teleported Everkoe to Fragger]
[02Dec2024 00:07:44.190] [Server thread/INFO] [net.minecraft.server.MinecraftServer/]: [Everkoe: Set own game mode to Creative Mode]
[02Dec2024 00:07:54.026] [Server thread/INFO] [net.minecraft.server.MinecraftServer/]: Everkoe has made the advancement [Getting an Upgrade]
[02Dec2024 00:07:57.385] [Server thread/WARN] [net.minecraft.server.level.ServerPlayerGameMode/]: Mismatch in destroy block pos: BlockPos{x=0, y=0, z=0} BlockPos{x=2, y=113, z=2}
[02Dec2024 00:07:57.436] [Server thread/WARN] [net.minecraft.server.level.ServerPlayerGameMode/]: Mismatch in destroy block pos: BlockPos{x=0, y=0, z=0} BlockPos{x=3, y=113, z=1}
[02Dec2024 00:07:57.484] [Server thread/WARN] [net.minecraft.server.level.ServerPlayerGameMode/]: Mismatch in destroy block pos: BlockPos{x=0, y=0, z=0} BlockPos{x=2, y=113, z=1}
[02Dec2024 00:07:58.195] [Server thread/WARN] [net.minecraft.server.level.ServerPlayerGameMode/]: Mismatch in destroy block pos: BlockPos{x=0, y=0, z=0} BlockPos{x=2, y=114, z=-1}
[02Dec2024 00:07:59.233] [Server thread/INFO] [net.minecraft.server.MinecraftServer/]: [Not Secure] <Everkoe> oe
[02Dec2024 00:07:59.694] [Server thread/WARN] [net.minecraft.server.level.ServerPlayerGameMode/]: Mismatch in destroy block pos: BlockPos{x=0, y=0, z=0} BlockPos{x=-2, y=114, z=-2}
[02Dec2024 00:08:00.337] [Server thread/WARN] [net.minecraft.server.level.ServerPlayerGameMode/]: Mismatch in destroy block pos: BlockPos{x=0, y=0, z=0} BlockPos{x=-1, y=113, z=0}
[02Dec2024 00:08:05.949] [Server thread/INFO] [net.minecraft.server.MinecraftServer/]: [Not Secure] <Everkoe> no puedes romper?
[02Dec2024 00:08:09.232] [Server thread/INFO] [net.minecraft.server.MinecraftServer/]: [Not Secure] <Fragger> nop
[02Dec2024 00:08:13.335] [Server thread/WARN] [net.minecraft.server.level.ServerPlayerGameMode/]: Mismatch in destroy block pos: BlockPos{x=0, y=0, z=0} BlockPos{x=-3, y=113, z=5}
[02Dec2024 00:08:21.044] [Server thread/INFO] [net.minecraft.server.MinecraftServer/]: [Everkoe: Made Fragger a server operator]
[02Dec2024 00:08:25.675] [Server thread/INFO] [net.minecraft.server.MinecraftServer/]: Fragger has made the advancement [Getting an Upgrade]
[02Dec2024 00:08:36.300] [Server thread/INFO] [net.minecraft.server.MinecraftServer/]: [Not Secure] <Everkoe> te di op
[02Dec2024 00:08:42.642] [Server thread/INFO] [net.minecraft.server.MinecraftServer/]: [Not Secure] <Everkoe> cuidado con ponerte en creativo
[02Dec2024 00:08:54.934] [Server thread/INFO] [net.minecraft.server.MinecraftServer/]: [Not Secure] <Everkoe> puedo saber cualquier cosa con la consola xd
[02Dec2024 00:08:57.625] [Server thread/INFO] [net.minecraft.server.MinecraftServer/]: Fragger has made the advancement [Stone Age]
[02Dec2024 00:09:03.272] [Server thread/INFO] [net.minecraft.server.MinecraftServer/]: [Not Secure] <Everkoe> toma
[02Dec2024 00:09:07.680] [Server thread/INFO] [net.minecraft.server.MinecraftServer/]: [Not Secure] <Everkoe> te dare un kit
[02Dec2024 00:09:12.642] [Server thread/INFO] [net.minecraft.server.MinecraftServer/]: [Not Secure] <Everkoe> porque hay muchos mobs hostiles
[02Dec2024 00:09:26.824] [Server thread/INFO] [net.minecraft.server.MinecraftServer/]: [Everkoe: Teleported Everkoe to Fragger]
[02Dec2024 00:09:27.577] [Server thread/INFO] [net.minecraft.server.MinecraftServer/]: Everkoe has made the advancement [Stone Age]
[02Dec2024 00:09:34.489] [Server thread/INFO] [net.minecraft.server.MinecraftServer/]: [Everkoe: Teleported Fragger to Everkoe]
[02Dec2024 00:09:39.552] [Server thread/INFO] [net.minecraft.server.MinecraftServer/]: [Not Secure] <Everkoe> ESPERA
[02Dec2024 00:10:48.581] [Server thread/INFO] [net.minecraft.server.MinecraftServer/]: [Not Secure] <Everkoe> listop
[02Dec2024 00:10:51.125] [Server thread/INFO] [net.minecraft.server.MinecraftServer/]: [Not Secure] <Everkoe> alamos ps
[02Dec2024 00:10:56.844] [Server thread/INFO] [net.minecraft.server.MinecraftServer/]: [Not Secure] <Fragger> chau gaa
[02Dec2024 00:11:02.731] [Server thread/INFO] [net.minecraft.server.MinecraftServer/]: [Not Secure] <Everkoe> no hagas cualquier webada ah
[02Dec2024 00:11:10.901] [Server thread/INFO] [net.minecraft.server.MinecraftServer/]: [Not Secure] <Fragger> no prometo nada
[02Dec2024 00:11:12.359] [Server thread/INFO] [net.minecraft.server.MinecraftServer/]: [Not Secure] <Everkoe> ahi x la consola puedo verlo todo xd
[02Dec2024 00:11:19.554] [Server thread/INFO] [net.minecraft.server.MinecraftServer/]: [Not Secure] <Everkoe> te kickeo del sv :u
[02Dec2024 00:11:54.940] [Server thread/INFO] [net.minecraft.server.MinecraftServer/]: [Everkoe: Teleported Everkoe to Fragger]
[02Dec2024 00:12:26.400] [Server thread/INFO] [net.minecraft.server.MinecraftServer/]: [Not Secure] <Fragger> asomate aweonao
[02Dec2024 00:12:58.291] [Server thread/INFO] [net.minecraft.server.MinecraftServer/]: [Not Secure] <Everkoe> mano primero equipate bien xd
[02Dec2024 00:13:02.225] [Server thread/INFO] [net.minecraft.server.MinecraftServer/]: [Not Secure] <Fragger> CUCHAO
[02Dec2024 00:13:09.627] [Server thread/INFO] [net.minecraft.server.MinecraftServer/]: [Everkoe: Teleported Everkoe to Fragger]
[02Dec2024 00:13:46.201] [Server thread/INFO] [net.minecraft.server.MinecraftServer/]: [Everkoe: Teleported Everkoe to Fragger]
[02Dec2024 00:14:00.419] [Server thread/INFO] [net.minecraft.server.MinecraftServer/]: [Everkoe: Teleported Everkoe to Fragger]
[02Dec2024 00:14:10.812] [Server thread/INFO] [net.minecraft.server.MinecraftServer/]: [Not Secure] <Fragger> como agrando el minimapa
[02Dec2024 00:14:18.789] [Server thread/INFO] [net.minecraft.server.MinecraftServer/]: Fragger was slain by Everkoe
[02Dec2024 00:14:23.462] [Server thread/INFO] [net.minecraft.server.MinecraftServer/]: [Not Secure] <Fragger> xd
[02Dec2024 00:14:33.746] [Server thread/INFO] [net.minecraft.server.MinecraftServer/]: [Not Secure] <Everkoe> VISTE ESE PODER XD?
[02Dec2024 00:14:39.027] [Server thread/INFO] [net.minecraft.server.MinecraftServer/]: [Not Secure] <Fragger> poder de kbrito
[02Dec2024 00:14:42.781] [Server thread/INFO] [net.minecraft.server.MinecraftServer/]: [Not Secure] <Everkoe> Habra un concurso por ese guantelete
[02Dec2024 00:14:53.081] [Server thread/INFO] [net.minecraft.server.MinecraftServer/]: [Not Secure] <Everkoe> solo se consigue en creativo noma
[02Dec2024 00:14:57.587] [Server thread/INFO] [net.minecraft.server.MinecraftServer/]: [Not Secure] <Everkoe> asi que uno podra tenerlo noma
[02Dec2024 00:15:04.890] [Server thread/INFO] [net.minecraft.server.MinecraftServer/]: [Everkoe: Teleported Fragger to Everkoe]
[02Dec2024 00:15:07.002] [Server thread/INFO] [net.minecraft.server.MinecraftServer/]: [Not Secure] <Everkoe> tpma
[02Dec2024 00:15:22.986] [Server thread/INFO] [net.minecraft.server.MinecraftServer/]: [Everkoe: Teleported Fragger to Everkoe]
[02Dec2024 00:15:41.578] [Server thread/INFO] [net.minecraft.server.MinecraftServer/]: [Not Secure] <Fragger> hazlo de día
[02Dec2024 00:15:49.400] [Server thread/INFO] [net.minecraft.server.MinecraftServer/]: [Not Secure] <Everkoe> puede hacerlo tmb p xd
[02Dec2024 00:15:54.944] [Server thread/INFO] [net.minecraft.server.MinecraftServer/]: [Everkoe: Set the time to 1000]
[02Dec2024 00:16:03.811] [Server thread/INFO] [net.minecraft.server.MinecraftServer/]: [Everkoe: Teleported Everkoe to Fragger]
[02Dec2024 00:16:24.405] [Server thread/INFO] [net.minecraft.server.MinecraftServer/]: [Not Secure] <Everkoe> mano y bueno primeras impresiones xd?
[02Dec2024 00:16:27.905] [Server thread/INFO] [net.minecraft.server.MinecraftServer/]: [Everkoe: Teleported Everkoe to Fragger]
[02Dec2024 00:16:36.047] [Server thread/INFO] [net.minecraft.server.MinecraftServer/]: [Not Secure] <Everkoe> que tal te va pareciendo?
[02Dec2024 00:16:48.273] [Server thread/INFO] [net.minecraft.server.MinecraftServer/]: Everkoe has completed the challenge [Abyssal Armor]
[02Dec2024 00:16:58.493] [Server thread/INFO] [net.minecraft.server.MinecraftServer/]: [Everkoe: Teleported Everkoe to Fragger]
[02Dec2024 00:17:18.556] [Server thread/INFO] [net.minecraft.server.MinecraftServer/]: [Not Secure] <Everkoe> di p que tal el sv?
[02Dec2024 00:17:29.046] [Server thread/INFO] [net.minecraft.server.MinecraftServer/]: [Not Secure] <Everkoe> para irme orgulloso csmr
[02Dec2024 00:17:32.734] [Server thread/INFO] [net.minecraft.server.MinecraftServer/]: [Not Secure] <Fragger> esta piola
[02Dec2024 00:17:37.984] [Server thread/INFO] [net.minecraft.server.MinecraftServer/]: [Not Secure] <Everkoe> ahi estaa xd
[02Dec2024 00:17:41.581] [Server thread/INFO] [net.minecraft.server.MinecraftServer/]: [Not Secure] <Everkoe> bueno alamos
[02Dec2024 00:17:47.854] [Server thread/INFO] [net.minecraft.server.MinecraftServer/]: [Not Secure] <Everkoe> hay muchos mobs hostiles asi
[02Dec2024 00:17:52.334] [Server thread/INFO] [net.minecraft.server.MinecraftServer/]: [Not Secure] <Everkoe> cuidao noma
[02Dec2024 00:18:01.637] [Server thread/INFO] [net.minecraft.server.MinecraftServer/]: [Everkoe: Teleported Everkoe to Fragger]
[02Dec2024 00:18:06.751] [Server thread/INFO] [net.minecraft.server.MinecraftServer/]: Everkoe has made the advancement [A Seedy Place]
[02Dec2024 00:18:40.553] [Server thread/INFO] [net.minecraft.server.MinecraftServer/]: [Everkoe: Teleported Everkoe to Fragger]
[02Dec2024 00:18:45.958] [Server thread/INFO] [net.minecraft.server.MinecraftServer/]: Fragger has made the advancement [Suit Up]
[02Dec2024 00:19:21.046] [Server thread/INFO] [net.minecraft.server.MinecraftServer/]: Fragger has made the advancement [Crops of the Wild]
[02Dec2024 00:19:23.341] [Server thread/INFO] [net.minecraft.server.network.ServerGamePacketListenerImpl/]: Everkoe lost connection: Disconnected
[02Dec2024 00:19:23.343] [Server thread/INFO] [net.minecraft.server.MinecraftServer/]: Everkoe left the game
[02Dec2024 00:30:38.239] [Server thread/INFO] [net.minecraft.server.MinecraftServer/]: Fragger has made the advancement [Sweet Dreams]
[02Dec2024 00:31:32.396] [Server thread/INFO] [net.minecraft.server.MinecraftServer/]: Fragger has made the advancement [Hunt and Gather]
[02Dec2024 00:33:43.079] [Server thread/INFO] [net.minecraft.world.entity.npc.Villager/]: Villager Villager['Nitwit'/8972, l='ServerLevel[world]', x=39.51, y=62.52, z=260.30] died, message: 'death.attack.mob.player'
[02Dec2024 00:34:09.575] [Server thread/INFO] [net.minecraft.world.entity.npc.Villager/]: Villager Villager['Leatherworker'/8973, l='ServerLevel[world]', x=47.36, y=63.00, z=255.82] died, message: 'Leatherworker was slain by The Wolf'
[02Dec2024 00:34:21.727] [Server thread/INFO] [net.minecraft.world.entity.npc.Villager/]: Villager Villager['Armorer'/8998, l='ServerLevel[world]', x=43.37, y=63.00, z=258.50] died, message: 'death.attack.mob.player'
[02Dec2024 00:41:52.379] [Server thread/INFO] [net.minecraft.server.MinecraftServer/]: Fragger has made the advancement [Diamonds!]
[02Dec2024 00:42:00.211] [Server thread/INFO] [net.minecraft.server.MinecraftServer/]: Fragger has made the advancement [Acquire Hardware]
[02Dec2024 00:56:22.975] [Server thread/INFO] [net.minecraft.server.network.ServerGamePacketListenerImpl/]: Fragger lost connection: Disconnected
[02Dec2024 00:56:22.976] [Server thread/INFO] [net.minecraft.server.MinecraftServer/]: Fragger left the game
[02Dec2024 01:23:34.940] [Server thread/INFO] [net.minecraft.server.players.PlayerList/]: Everkoe[/127.164.14.156:45461] logged in with entity id 15141 at (89.40380474951043, 99.25203851319188, 242.69999998807907)
[02Dec2024 01:23:34.975] [Server thread/INFO] [net.minecraft.server.MinecraftServer/]: Everkoe joined the game
[02Dec2024 01:30:07.042] [Server thread/WARN] [net.minecraft.server.network.ServerGamePacketListenerImpl/]: Everkoe moved too quickly! -7.94770420604749,0.0,-6.856623263751089
[02Dec2024 01:31:41.896] [Server thread/WARN] [net.minecraft.server.network.ServerGamePacketListenerImpl/]: Everkoe moved too quickly! -2.626277695612373,-9.212004222533523,-3.180852584437048
[02Dec2024 01:31:46.043] [Worker-Main-133/ERROR] [net.minecraft.world.entity.decoration.HangingEntity/]: Hanging entity at invalid position: BlockPos{x=202, y=47, z=211}
[02Dec2024 01:32:24.319] [Server thread/WARN] [net.minecraft.world.level.entity.PersistentEntitySectionManager/]: UUID of added entity already exists: FallingBlockEntity['Falling Hanging Coconut'/18123, l='ServerLevel[world]', x=-163.50, y=82.00, z=-400.50]
[02Dec2024 01:33:06.907] [Worker-Main-133/WARN] [net.minecraft.world.entity.EntityType/]: Skipping Entity with id 
[02Dec2024 01:33:06.908] [Worker-Main-133/WARN] [net.minecraft.world.entity.EntityType/]: Skipping Entity with id 
[02Dec2024 01:33:14.242] [Server thread/INFO] [net.minecraft.server.network.ServerGamePacketListenerImpl/]: Everkoe lost connection: Disconnected
[02Dec2024 01:33:14.244] [Server thread/INFO] [net.minecraft.server.MinecraftServer/]: Everkoe left the game
[02Dec2024 03:12:24.844] [Server thread/INFO] [net.minecraft.server.players.PlayerList/]: Everkoe[/127.164.14.156:49303] logged in with entity id 18440 at (-74.69999998807907, 92.0, -492.30000001192093)
[02Dec2024 03:12:24.973] [Server thread/INFO] [net.minecraft.server.MinecraftServer/]: Everkoe joined the game
[02Dec2024 03:12:35.542] [Worker-Main-220/WARN] [com.finndog.mvs.MVSCommon/]: Moog's Voyager Structures: Empty or nonexistent pool: mvs:mine_with_campsite/side_pool which is being called from mvs:other_decoration/mine_with_campsite
[02Dec2024 03:12:35.759] [Server thread/INFO] [net.minecraft.server.MinecraftServer/]: [Everkoe: Set the weather to clear]
[02Dec2024 03:12:40.406] [Server thread/INFO] [net.minecraft.server.MinecraftServer/]: [Everkoe: Set the time to 1000]
[02Dec2024 03:13:25.658] [Server thread/INFO] [net.minecraft.server.commands.LocateCommand/]: Locating element #ctov:large_village (ctov:large/village_beach) took 16232 ms
[02Dec2024 03:13:25.660] [Server thread/WARN] [net.minecraft.server.MinecraftServer/]: Can't keep up! Is the server overloaded? Running 16245ms or 324 ticks behind
[02Dec2024 03:13:25.706] [Server thread/WARN] [net.minecraft.server.network.ServerGamePacketListenerImpl/]: Everkoe moved too quickly! 4.418085667315527,2.705341978173635,8.917592842662032
[02Dec2024 03:13:47.062] [Server thread/INFO] [net.minecraft.server.MinecraftServer/]: [Everkoe: Teleported Everkoe to -1951.500000, 88.000000, -991.500000]
[02Dec2024 03:13:47.133] [Server thread/INFO] [net.minecraft.server.MinecraftServer/]: [Everkoe: Teleported Everkoe to -1951.500000, 88.000000, -991.500000]
[02Dec2024 03:13:47.514] [Server thread/WARN] [net.minecraft.server.network.ServerGamePacketListenerImpl/]: Everkoe moved too quickly! 0.0,15.737583834516414,0.0
[02Dec2024 03:13:49.149] [Server thread/WARN] [net.minecraft.server.MinecraftServer/]: Can't keep up! Is the server overloaded? Running 8534ms or 170 ticks behind
[02Dec2024 03:15:48.028] [Worker-Main-220/ERROR] [net.minecraft.world.entity.decoration.HangingEntity/]: Hanging entity at invalid position: BlockPos{x=-1329, y=109, z=1363}
[02Dec2024 03:16:12.082] [Worker-Main-220/ERROR] [net.minecraft.world.entity.decoration.HangingEntity/]: Hanging entity at invalid position: BlockPos{x=-1329, y=109, z=1363}
[02Dec2024 03:16:27.851] [Server thread/INFO] [net.minecraft.server.MinecraftServer/]: Everkoe was killed
[02Dec2024 03:16:27.858] [Server thread/INFO] [net.minecraft.server.MinecraftServer/]: [Everkoe: Killed Everkoe]
[02Dec2024 03:16:28.600] [Server thread/WARN] [net.minecraft.server.MinecraftServer/]: Can't keep up! Is the server overloaded? Running 2035ms or 40 ticks behind
[02Dec2024 03:22:03.765] [Server thread/INFO] [net.minecraft.server.MinecraftServer/]: Everkoe has made the advancement [Caniac No More]
[02Dec2024 03:41:42.357] [Server thread/INFO] [net.minecraft.server.MinecraftServer/]: [Everkoe: Set the time to 1000]
[02Dec2024 03:55:55.686] [Server thread/INFO] [net.minecraft.server.MinecraftServer/]: [Everkoe: Gave 1 [Barrier] to Everkoe]
